\BOOKMARK [1][-]{section.1}{Situation}{}% 1
\BOOKMARK [2][-]{subsection.1.1}{Besoin technique}{section.1}% 2
\BOOKMARK [2][-]{subsection.1.2}{Organisation}{section.1}% 3
\BOOKMARK [2][-]{subsection.1.3}{...}{section.1}% 4
\BOOKMARK [1][-]{section.2}{Installation des serveurs}{}% 5
\BOOKMARK [2][-]{subsection.2.1}{Hyperviseur}{section.2}% 6
\BOOKMARK [2][-]{subsection.2.2}{Machines virtuelles}{section.2}% 7
\BOOKMARK [2][-]{subsection.2.3}{Communication inter-VMs}{section.2}% 8
\BOOKMARK [1][-]{section.3}{Configuration des serveurs}{}% 9
\BOOKMARK [2][-]{subsection.3.1}{Serveurs groupe iSEC}{section.3}% 10
\BOOKMARK [3][-]{subsubsection.3.1.1}{Serveur principal}{subsection.3.1}% 11
\BOOKMARK [3][-]{subsubsection.3.1.2}{Serveur r\351plica}{subsection.3.1}% 12
\BOOKMARK [2][-]{subsection.3.2}{Serveurs groupe Telecom}{section.3}% 13
\BOOKMARK [3][-]{subsubsection.3.2.1}{Serveur Windows Server}{subsection.3.2}% 14
\BOOKMARK [1][-]{section.4}{R\351ponse au besoin}{}% 15
\BOOKMARK [2][-]{subsection.4.1}{Scripts}{section.4}% 16
\BOOKMARK [2][-]{subsection.4.2}{GPO}{section.4}% 17
\BOOKMARK [3][-]{subsubsection.4.2.1}{Partage Groupe}{subsection.4.2}% 18
\BOOKMARK [3][-]{subsubsection.4.2.2}{Partage Telecom}{subsection.4.2}% 19
\BOOKMARK [3][-]{subsubsection.4.2.3}{Partage par service}{subsection.4.2}% 20
\BOOKMARK [3][-]{subsubsection.4.2.4}{Imprimantes}{subsection.4.2}% 21
\BOOKMARK [3][-]{subsubsection.4.2.5}{S\351curit\351 mot de passe}{subsection.4.2}% 22
\BOOKMARK [3][-]{subsubsection.4.2.6}{Ex\351cution automatique}{subsection.4.2}% 23
\BOOKMARK [3][-]{subsubsection.4.2.7}{Fond d'\351cran}{subsection.4.2}% 24
\BOOKMARK [3][-]{subsubsection.4.2.8}{Logiciel 7Zip}{subsection.4.2}% 25
\BOOKMARK [3][-]{subsubsection.4.2.9}{...}{subsection.4.2}% 26
\BOOKMARK [1][-]{section.5}{Supervision}{}% 27
\BOOKMARK [2][-]{subsection.5.1}{Installation}{section.5}% 28
\BOOKMARK [2][-]{subsection.5.2}{Configuration}{section.5}% 29
\BOOKMARK [1][-]{section.6}{Bilan}{}% 30
\BOOKMARK [2][-]{subsection.6.1}{\311volutions possibles}{section.6}% 31
\BOOKMARK [2][-]{subsection.6.2}{Conclusion}{section.6}% 32
